2025-09-01 22:49:45,137 - INFO - Anomaly detected - Severity: WARNING, Temp: 65.87°C, Humidity: 24.46%, Time: 2025-08-01 10:36:00
2025-09-01 22:49:45,138 - ERROR - Email sending failed: name 'MimeMultipart' is not defined
2025-09-01 22:49:45,890 - INFO - Anomaly detected - Severity: INFO, Temp: 58.05°C, Humidity: 72.06%, Time: 2025-08-01 16:04:00
2025-09-01 22:49:45,891 - INFO - Anomaly detected - Severity: INFO, Temp: 24.65°C, Humidity: 46.99%, Time: 2025-08-01 18:26:00
2025-09-01 22:49:45,891 - INFO - Anomaly detected - Severity: INFO, Temp: 58.76°C, Humidity: 37.1%, Time: 2025-08-01 19:26:00
2025-09-01 22:49:45,923 - INFO - Anomaly detected - Severity: CRITICAL, Temp: 80.5°C, Humidity: 43.64%, Time: 2025-08-02 02:24:00
2025-09-01 22:49:45,923 - ERROR - Email sending failed: name 'MimeMultipart' is not defined
2025-09-01 22:49:48,257 - INFO - SMS alerts sent for CRITICAL anomaly - Temp: 80.5°C, Humidity: 43.64%
2025-09-01 22:49:48,260 - INFO - Anomaly detected - Severity: INFO, Temp: 36.99°C, Humidity: 48.21%, Time: 2025-08-02 02:26:00
2025-09-01 22:49:48,261 - INFO - Anomaly detected - Severity: INFO, Temp: 37.08°C, Humidity: 51.81%, Time: 2025-08-02 02:28:00
2025-09-01 22:49:48,261 - INFO - Anomaly detected - Severity: INFO, Temp: 37.18°C, Humidity: 54.57%, Time: 2025-08-02 02:30:00
2025-09-01 22:49:48,261 - INFO - Anomaly detected - Severity: INFO, Temp: 34.82°C, Humidity: 48.23%, Time: 2025-08-02 02:34:00
2025-09-01 22:49:48,261 - INFO - Anomaly detected - Severity: INFO, Temp: 37.22°C, Humidity: 44.95%, Time: 2025-08-02 02:36:00
2025-09-01 22:49:48,261 - INFO - Anomaly detected - Severity: INFO, Temp: 39.01°C, Humidity: 46.72%, Time: 2025-08-02 02:40:00
2025-09-01 22:49:48,262 - INFO - Anomaly detected - Severity: INFO, Temp: 36.08°C, Humidity: 44.69%, Time: 2025-08-02 02:44:00
2025-09-01 22:49:48,262 - INFO - Anomaly detected - Severity: INFO, Temp: 34.83°C, Humidity: 51.18%, Time: 2025-08-02 02:48:00
2025-09-01 22:49:48,262 - INFO - Anomaly detected - Severity: INFO, Temp: 35.64°C, Humidity: 53.8%, Time: 2025-08-02 02:50:00
2025-09-01 22:49:48,262 - INFO - Anomaly detected - Severity: INFO, Temp: 36.31°C, Humidity: 51.85%, Time: 2025-08-02 02:52:00
2025-09-01 22:49:48,262 - INFO - Anomaly detected - Severity: INFO, Temp: 36.28°C, Humidity: 44.03%, Time: 2025-08-02 02:56:00
2025-09-01 22:49:48,263 - INFO - Anomaly detected - Severity: INFO, Temp: 37.62°C, Humidity: 45.72%, Time: 2025-08-02 03:00:00
2025-09-01 22:49:48,263 - INFO - Anomaly detected - Severity: INFO, Temp: 39.14°C, Humidity: 43.43%, Time: 2025-08-02 03:02:00
2025-09-01 22:49:48,263 - INFO - Anomaly detected - Severity: INFO, Temp: 35.58°C, Humidity: 49.55%, Time: 2025-08-02 03:06:00
2025-09-01 22:49:48,263 - INFO - Anomaly detected - Severity: INFO, Temp: 37.85°C, Humidity: 45.4%, Time: 2025-08-02 03:08:00
2025-09-01 22:49:48,263 - INFO - Anomaly detected - Severity: INFO, Temp: 39.36°C, Humidity: 44.12%, Time: 2025-08-02 03:14:00
2025-09-01 22:49:48,264 - INFO - Anomaly detected - Severity: INFO, Temp: 38.64°C, Humidity: 43.28%, Time: 2025-08-02 03:16:00
2025-09-01 22:49:48,264 - INFO - Anomaly detected - Severity: INFO, Temp: 19.44°C, Humidity: 38.74%, Time: 2025-08-02 03:20:00
2025-09-01 22:49:48,264 - INFO - Anomaly detected - Severity: INFO, Temp: 37.04°C, Humidity: 46.91%, Time: 2025-08-02 03:22:00
2025-09-01 22:49:48,264 - INFO - Anomaly detected - Severity: INFO, Temp: 58.93°C, Humidity: 55.32%, Time: 2025-08-02 06:24:00
2025-09-01 22:49:48,264 - INFO - Anomaly detected - Severity: INFO, Temp: 59.61°C, Humidity: 28.53%, Time: 2025-08-02 08:44:00
2025-09-01 22:49:48,265 - INFO - Anomaly detected - Severity: WARNING, Temp: 63.16°C, Humidity: 24.92%, Time: 2025-08-02 09:00:00
2025-09-01 22:49:48,265 - ERROR - Email sending failed: name 'MimeMultipart' is not defined
2025-09-01 22:49:48,961 - INFO - Anomaly detected - Severity: WARNING, Temp: 67.42°C, Humidity: 22.83%, Time: 2025-08-02 09:06:00
2025-09-01 22:49:48,961 - ERROR - Email sending failed: name 'MimeMultipart' is not defined
2025-09-01 22:49:49,564 - INFO - Anomaly detected - Severity: INFO, Temp: 47.66°C, Humidity: 44.61%, Time: 2025-08-02 09:12:00
2025-09-01 22:49:49,565 - INFO - Anomaly detected - Severity: INFO, Temp: 48.46°C, Humidity: 45.09%, Time: 2025-08-02 09:14:00
2025-09-01 22:49:49,565 - INFO - Anomaly detected - Severity: INFO, Temp: 44.23°C, Humidity: 44.37%, Time: 2025-08-02 09:16:00
2025-09-01 22:49:49,565 - INFO - Anomaly detected - Severity: INFO, Temp: 49.83°C, Humidity: 38.57%, Time: 2025-08-02 09:20:00
2025-09-01 22:49:49,565 - INFO - Anomaly detected - Severity: INFO, Temp: 43.88°C, Humidity: 41.18%, Time: 2025-08-02 09:22:00
2025-09-01 22:49:49,566 - INFO - Anomaly detected - Severity: INFO, Temp: 42.71°C, Humidity: 46.22%, Time: 2025-08-02 09:28:00
2025-09-01 22:49:49,566 - INFO - Anomaly detected - Severity: INFO, Temp: 44.19°C, Humidity: 46.88%, Time: 2025-08-02 09:34:00
2025-09-01 22:49:49,566 - INFO - Anomaly detected - Severity: INFO, Temp: 47.88°C, Humidity: 47.54%, Time: 2025-08-02 09:36:00
2025-09-01 22:49:49,566 - INFO - Anomaly detected - Severity: INFO, Temp: 43.97°C, Humidity: 44.51%, Time: 2025-08-02 09:38:00
2025-09-01 22:49:49,566 - INFO - Anomaly detected - Severity: INFO, Temp: 44.21°C, Humidity: 38.21%, Time: 2025-08-02 09:40:00
2025-09-01 22:49:49,567 - INFO - Anomaly detected - Severity: WARNING, Temp: 63.53°C, Humidity: 72.88%, Time: 2025-08-02 11:44:00
2025-09-01 22:49:49,567 - ERROR - Email sending failed: name 'MimeMultipart' is not defined
2025-09-01 22:49:50,191 - INFO - Anomaly detected - Severity: INFO, Temp: 45.15°C, Humidity: 16.88%, Time: 2025-08-02 12:42:00
2025-09-01 22:49:50,192 - INFO - Anomaly detected - Severity: WARNING, Temp: 60.15°C, Humidity: 83.64%, Time: 2025-08-02 15:02:00
2025-09-01 22:49:50,192 - ERROR - Email sending failed: name 'MimeMultipart' is not defined
2025-09-01 22:49:50,806 - INFO - Anomaly detected - Severity: INFO, Temp: 52.41°C, Humidity: 33.85%, Time: 2025-08-03 01:50:00
2025-09-01 22:49:50,806 - INFO - Anomaly detected - Severity: INFO, Temp: 57.08°C, Humidity: 31.96%, Time: 2025-08-03 03:18:00
2025-09-01 22:49:50,807 - INFO - Anomaly detected - Severity: INFO, Temp: 21.78°C, Humidity: 34.88%, Time: 2025-08-03 14:10:00
2025-09-01 22:49:50,807 - INFO - Anomaly detected - Severity: INFO, Temp: 56.88°C, Humidity: 50.0%, Time: 2025-08-03 18:44:00
2025-09-01 22:49:50,807 - INFO - Anomaly detected - Severity: INFO, Temp: 59.23°C, Humidity: 42.59%, Time: 2025-08-03 19:16:00
2025-09-01 22:49:50,808 - INFO - Anomaly detected - Severity: INFO, Temp: 35.61°C, Humidity: 74.19%, Time: 2025-08-03 23:40:00
2025-09-01 22:49:50,808 - INFO - Anomaly detected - Severity: INFO, Temp: 56.42°C, Humidity: 75.6%, Time: 2025-08-04 01:48:00
2025-09-01 22:49:50,808 - INFO - Anomaly detected - Severity: WARNING, Temp: 65.01°C, Humidity: 32.83%, Time: 2025-08-04 07:12:00
2025-09-01 22:49:50,808 - ERROR - Email sending failed: name 'MimeMultipart' is not defined
2025-09-01 22:49:51,422 - INFO - Anomaly detected - Severity: WARNING, Temp: 66.78°C, Humidity: 26.52%, Time: 2025-08-04 08:52:00
2025-09-01 22:49:51,423 - ERROR - Email sending failed: name 'MimeMultipart' is not defined
2025-09-01 22:49:51,967 - INFO - Anomaly detected - Severity: WARNING, Temp: 69.28°C, Humidity: 23.0%, Time: 2025-08-04 08:54:00
2025-09-01 22:49:51,968 - ERROR - Email sending failed: name 'MimeMultipart' is not defined
2025-09-01 22:49:52,751 - INFO - Anomaly detected - Severity: WARNING, Temp: 62.66°C, Humidity: 62.27%, Time: 2025-08-04 11:34:00
2025-09-01 22:49:52,751 - ERROR - Email sending failed: name 'MimeMultipart' is not defined
2025-09-01 22:49:53,467 - INFO - Anomaly detected - Severity: INFO, Temp: 47.11°C, Humidity: 75.88%, Time: 2025-08-04 13:14:00
2025-09-01 22:49:53,468 - INFO - Anomaly detected - Severity: WARNING, Temp: 63.02°C, Humidity: 69.48%, Time: 2025-08-04 15:54:00
2025-09-01 22:49:53,468 - ERROR - Email sending failed: name 'MimeMultipart' is not defined
2025-09-01 22:49:54,592 - INFO - Anomaly detected - Severity: WARNING, Temp: 62.97°C, Humidity: 43.27%, Time: 2025-08-04 21:48:00
2025-09-01 22:49:54,593 - ERROR - Email sending failed: name 'MimeMultipart' is not defined
2025-09-01 22:49:55,515 - INFO - Anomaly detected - Severity: CRITICAL, Temp: 79.5°C, Humidity: 50.34%, Time: 2025-08-05 00:42:00
2025-09-01 22:49:55,515 - ERROR - Email sending failed: name 'MimeMultipart' is not defined
2025-09-01 22:49:57,870 - INFO - SMS alerts sent for CRITICAL anomaly - Temp: 79.5°C, Humidity: 50.34%
2025-09-01 22:49:57,873 - INFO - Anomaly detected - Severity: INFO, Temp: 39.76°C, Humidity: 53.51%, Time: 2025-08-05 00:52:00
2025-09-01 22:49:57,873 - INFO - Anomaly detected - Severity: INFO, Temp: 42.13°C, Humidity: 56.44%, Time: 2025-08-05 00:54:00
2025-09-01 22:49:57,873 - INFO - Anomaly detected - Severity: INFO, Temp: 40.39°C, Humidity: 58.3%, Time: 2025-08-05 00:58:00
2025-09-01 22:49:57,874 - INFO - Anomaly detected - Severity: INFO, Temp: 40.29°C, Humidity: 49.61%, Time: 2025-08-05 01:00:00
2025-09-01 22:49:57,874 - INFO - Anomaly detected - Severity: INFO, Temp: 38.76°C, Humidity: 45.7%, Time: 2025-08-05 01:02:00
2025-09-01 22:49:57,874 - INFO - Anomaly detected - Severity: INFO, Temp: 39.32°C, Humidity: 48.37%, Time: 2025-08-05 01:06:00
2025-09-01 22:49:57,874 - INFO - Anomaly detected - Severity: INFO, Temp: 40.24°C, Humidity: 47.49%, Time: 2025-08-05 01:08:00
2025-09-01 22:49:57,875 - INFO - Anomaly detected - Severity: INFO, Temp: 38.33°C, Humidity: 47.9%, Time: 2025-08-05 01:10:00
2025-09-01 22:49:57,875 - INFO - Anomaly detected - Severity: INFO, Temp: 41.7°C, Humidity: 47.51%, Time: 2025-08-05 01:14:00
2025-09-01 22:49:57,875 - INFO - Anomaly detected - Severity: CRITICAL, Temp: 70.56°C, Humidity: 32.2%, Time: 2025-08-05 09:58:00
2025-09-01 22:49:57,875 - ERROR - Email sending failed: name 'MimeMultipart' is not defined
2025-09-01 22:50:00,429 - INFO - SMS alerts sent for CRITICAL anomaly - Temp: 70.56°C, Humidity: 32.2%
2025-09-01 22:50:00,431 - INFO - Anomaly detected - Severity: WARNING, Temp: 62.26°C, Humidity: 50.69%, Time: 2025-08-05 12:00:00
2025-09-01 22:50:00,432 - ERROR - Email sending failed: name 'MimeMultipart' is not defined
2025-09-01 22:50:01,044 - INFO - Anomaly detected - Severity: WARNING, Temp: 63.34°C, Humidity: 37.71%, Time: 2025-08-05 17:44:00
2025-09-01 22:50:01,045 - ERROR - Email sending failed: name 'MimeMultipart' is not defined
2025-09-01 22:50:01,865 - INFO - Anomaly detected - Severity: WARNING, Temp: 62.74°C, Humidity: 43.02%, Time: 2025-08-05 18:30:00
2025-09-01 22:50:01,865 - ERROR - Email sending failed: name 'MimeMultipart' is not defined
2025-09-01 22:50:02,479 - INFO - Anomaly detected - Severity: WARNING, Temp: 65.34°C, Humidity: 30.0%, Time: 2025-08-06 04:04:00
2025-09-01 22:50:02,479 - ERROR - Email sending failed: name 'MimeMultipart' is not defined
2025-09-01 22:50:03,093 - INFO - Anomaly detected - Severity: WARNING, Temp: 69.45°C, Humidity: 39.9%, Time: 2025-08-06 12:36:00
2025-09-01 22:50:03,093 - ERROR - Email sending failed: name 'MimeMultipart' is not defined
2025-09-01 22:50:03,707 - INFO - Anomaly detected - Severity: INFO, Temp: 57.52°C, Humidity: 69.13%, Time: 2025-08-06 13:48:00
2025-09-01 22:50:03,708 - INFO - Anomaly detected - Severity: WARNING, Temp: 66.63°C, Humidity: 41.15%, Time: 2025-08-06 17:52:00
2025-09-01 22:50:03,708 - ERROR - Email sending failed: name 'MimeMultipart' is not defined
2025-09-01 22:50:04,322 - INFO - Anomaly detected - Severity: WARNING, Temp: 55.31°C, Humidity: 81.37%, Time: 2025-08-06 18:48:00
2025-09-01 22:50:04,323 - ERROR - Email sending failed: name 'MimeMultipart' is not defined
2025-09-01 22:50:05,040 - INFO - Anomaly detected - Severity: WARNING, Temp: 66.64°C, Humidity: 47.07%, Time: 2025-08-06 20:20:00
2025-09-01 22:50:05,040 - ERROR - Email sending failed: name 'MimeMultipart' is not defined
2025-09-01 22:50:05,756 - INFO - Anomaly detected - Severity: INFO, Temp: 43.42°C, Humidity: 22.06%, Time: 2025-08-06 20:32:00
2025-09-01 22:50:05,757 - INFO - Anomaly detected - Severity: INFO, Temp: 56.61°C, Humidity: 35.26%, Time: 2025-08-06 23:18:00
2025-09-01 22:50:05,757 - INFO - Anomaly detected - Severity: INFO, Temp: 38.04°C, Humidity: 10.33%, Time: 2025-08-06 23:22:00
2025-09-01 22:50:05,757 - INFO - Anomaly detected - Severity: INFO, Temp: 43.18°C, Humidity: 50.22%, Time: 2025-08-06 23:40:00
2025-09-01 22:50:05,758 - INFO - Anomaly detected - Severity: INFO, Temp: 58.44°C, Humidity: 39.2%, Time: 2025-08-07 01:46:00
2025-09-01 22:50:05,758 - INFO - Anomaly detected - Severity: CRITICAL, Temp: 38.53°C, Humidity: 86.64%, Time: 2025-08-07 03:48:00
2025-09-01 22:50:05,758 - ERROR - Email sending failed: name 'MimeMultipart' is not defined
2025-09-01 22:50:09,237 - INFO - SMS alerts sent for CRITICAL anomaly - Temp: 38.53°C, Humidity: 86.64%
2025-09-01 22:50:09,240 - INFO - Anomaly detected - Severity: INFO, Temp: 44.51°C, Humidity: 36.34%, Time: 2025-08-07 04:12:00
2025-09-01 22:50:09,240 - INFO - Anomaly detected - Severity: INFO, Temp: 44.66°C, Humidity: 39.24%, Time: 2025-08-07 04:14:00
2025-09-01 22:50:09,240 - INFO - Anomaly detected - Severity: INFO, Temp: 43.84°C, Humidity: 40.09%, Time: 2025-08-07 04:18:00
2025-09-01 22:50:09,241 - INFO - Anomaly detected - Severity: INFO, Temp: 43.91°C, Humidity: 40.56%, Time: 2025-08-07 04:20:00
2025-09-01 22:50:09,241 - INFO - Anomaly detected - Severity: INFO, Temp: 56.91°C, Humidity: 68.2%, Time: 2025-08-07 07:14:00
2025-09-01 22:50:09,241 - INFO - Anomaly detected - Severity: WARNING, Temp: 64.97°C, Humidity: 21.9%, Time: 2025-08-07 07:52:00
2025-09-01 22:50:09,241 - ERROR - Email sending failed: name 'MimeMultipart' is not defined
2025-09-01 22:50:09,852 - INFO - Anomaly detected - Severity: CRITICAL, Temp: 44.0°C, Humidity: 88.98%, Time: 2025-08-07 08:06:00
2025-09-01 22:50:09,852 - ERROR - Email sending failed: name 'MimeMultipart' is not defined
2025-09-01 22:50:12,307 - INFO - SMS alerts sent for CRITICAL anomaly - Temp: 44.0°C, Humidity: 88.98%
2025-09-01 22:50:12,309 - INFO - Anomaly detected - Severity: INFO, Temp: 47.84°C, Humidity: 39.4%, Time: 2025-08-07 08:08:00
2025-09-01 22:50:12,310 - INFO - Anomaly detected - Severity: INFO, Temp: 48.8°C, Humidity: 39.77%, Time: 2025-08-07 08:12:00
2025-09-01 22:50:12,310 - INFO - Anomaly detected - Severity: INFO, Temp: 49.38°C, Humidity: 38.08%, Time: 2025-08-07 08:16:00
2025-09-01 22:50:12,311 - INFO - Anomaly detected - Severity: INFO, Temp: 47.98°C, Humidity: 40.02%, Time: 2025-08-07 08:24:00
2025-09-01 22:50:12,311 - INFO - Anomaly detected - Severity: INFO, Temp: 48.24°C, Humidity: 41.29%, Time: 2025-08-07 08:28:00
2025-09-01 22:50:12,311 - INFO - Anomaly detected - Severity: INFO, Temp: 49.99°C, Humidity: 35.41%, Time: 2025-08-07 08:30:00
2025-09-01 22:50:12,312 - INFO - Anomaly detected - Severity: INFO, Temp: 45.16°C, Humidity: 44.32%, Time: 2025-08-07 08:40:00
2025-09-01 22:50:12,312 - INFO - Anomaly detected - Severity: INFO, Temp: 46.58°C, Humidity: 38.12%, Time: 2025-08-07 08:42:00
2025-09-01 22:50:12,312 - INFO - Anomaly detected - Severity: WARNING, Temp: 61.23°C, Humidity: 58.21%, Time: 2025-08-07 10:00:00
2025-09-01 22:50:12,312 - ERROR - Email sending failed: name 'MimeMultipart' is not defined
2025-09-01 22:50:13,026 - INFO - Anomaly detected - Severity: CRITICAL, Temp: 73.96°C, Humidity: 28.14%, Time: 2025-08-07 12:42:00
2025-09-01 22:50:13,027 - ERROR - Email sending failed: name 'MimeMultipart' is not defined
2025-09-01 22:50:15,485 - INFO - SMS alerts sent for CRITICAL anomaly - Temp: 73.96°C, Humidity: 28.14%
2025-09-01 22:50:15,487 - INFO - Anomaly detected - Severity: WARNING, Temp: 68.27°C, Humidity: 45.14%, Time: 2025-08-07 15:06:00
2025-09-01 22:50:15,488 - ERROR - Email sending failed: name 'MimeMultipart' is not defined
2025-09-01 22:50:16,099 - INFO - Anomaly detected - Severity: WARNING, Temp: 63.31°C, Humidity: 44.98%, Time: 2025-08-07 16:30:00
2025-09-01 22:50:16,099 - ERROR - Email sending failed: name 'MimeMultipart' is not defined
2025-09-01 22:50:16,711 - INFO - Anomaly detected - Severity: WARNING, Temp: 65.97°C, Humidity: 41.69%, Time: 2025-08-07 20:06:00
2025-09-01 22:50:16,711 - ERROR - Email sending failed: name 'MimeMultipart' is not defined
2025-10-04 10:42:15,718 - INFO - Anomaly detected - Severity: WARNING, Temp: 65.87°C, Humidity: 24.46%, Time: 2025-08-01 10:36:00
2025-10-04 10:42:15,719 - ERROR - Email sending failed: name 'MimeMultipart' is not defined
2025-10-04 10:42:16,708 - INFO - Anomaly detected - Severity: INFO, Temp: 58.05°C, Humidity: 72.06%, Time: 2025-08-01 16:04:00
2025-10-04 10:42:16,709 - INFO - Anomaly detected - Severity: INFO, Temp: 24.65°C, Humidity: 46.99%, Time: 2025-08-01 18:26:00
2025-10-04 10:42:16,709 - INFO - Anomaly detected - Severity: INFO, Temp: 58.76°C, Humidity: 37.1%, Time: 2025-08-01 19:26:00
2025-10-04 10:42:16,709 - INFO - Anomaly detected - Severity: CRITICAL, Temp: 80.5°C, Humidity: 43.64%, Time: 2025-08-02 02:24:00
2025-10-04 10:42:16,710 - ERROR - Email sending failed: name 'MimeMultipart' is not defined
2025-10-04 10:42:19,425 - INFO - SMS alerts sent for CRITICAL anomaly - Temp: 80.5°C, Humidity: 43.64%
2025-10-04 10:42:19,427 - INFO - Anomaly detected - Severity: INFO, Temp: 36.99°C, Humidity: 48.21%, Time: 2025-08-02 02:26:00
2025-10-04 10:42:19,427 - INFO - Anomaly detected - Severity: INFO, Temp: 37.08°C, Humidity: 51.81%, Time: 2025-08-02 02:28:00
2025-10-04 10:42:19,427 - INFO - Anomaly detected - Severity: INFO, Temp: 37.18°C, Humidity: 54.57%, Time: 2025-08-02 02:30:00
2025-10-04 10:42:19,428 - INFO - Anomaly detected - Severity: INFO, Temp: 34.82°C, Humidity: 48.23%, Time: 2025-08-02 02:34:00
2025-10-04 10:42:19,428 - INFO - Anomaly detected - Severity: INFO, Temp: 37.22°C, Humidity: 44.95%, Time: 2025-08-02 02:36:00
2025-10-04 10:42:19,428 - INFO - Anomaly detected - Severity: INFO, Temp: 39.01°C, Humidity: 46.72%, Time: 2025-08-02 02:40:00
2025-10-04 10:42:19,428 - INFO - Anomaly detected - Severity: INFO, Temp: 36.08°C, Humidity: 44.69%, Time: 2025-08-02 02:44:00
2025-10-04 10:42:19,428 - INFO - Anomaly detected - Severity: INFO, Temp: 34.83°C, Humidity: 51.18%, Time: 2025-08-02 02:48:00
2025-10-04 10:42:19,428 - INFO - Anomaly detected - Severity: INFO, Temp: 35.64°C, Humidity: 53.8%, Time: 2025-08-02 02:50:00
2025-10-04 10:42:19,429 - INFO - Anomaly detected - Severity: INFO, Temp: 36.31°C, Humidity: 51.85%, Time: 2025-08-02 02:52:00
2025-10-04 10:42:19,429 - INFO - Anomaly detected - Severity: INFO, Temp: 36.28°C, Humidity: 44.03%, Time: 2025-08-02 02:56:00
2025-10-04 10:42:19,429 - INFO - Anomaly detected - Severity: INFO, Temp: 37.62°C, Humidity: 45.72%, Time: 2025-08-02 03:00:00
2025-10-04 10:42:19,429 - INFO - Anomaly detected - Severity: INFO, Temp: 39.14°C, Humidity: 43.43%, Time: 2025-08-02 03:02:00
2025-10-04 10:42:19,429 - INFO - Anomaly detected - Severity: INFO, Temp: 35.58°C, Humidity: 49.55%, Time: 2025-08-02 03:06:00
2025-10-04 10:42:19,429 - INFO - Anomaly detected - Severity: INFO, Temp: 37.85°C, Humidity: 45.4%, Time: 2025-08-02 03:08:00
2025-10-04 10:42:19,429 - INFO - Anomaly detected - Severity: INFO, Temp: 39.36°C, Humidity: 44.12%, Time: 2025-08-02 03:14:00
2025-10-04 10:42:19,429 - INFO - Anomaly detected - Severity: INFO, Temp: 38.64°C, Humidity: 43.28%, Time: 2025-08-02 03:16:00
2025-10-04 10:42:19,429 - INFO - Anomaly detected - Severity: INFO, Temp: 19.44°C, Humidity: 38.74%, Time: 2025-08-02 03:20:00
2025-10-04 10:42:19,429 - INFO - Anomaly detected - Severity: INFO, Temp: 37.04°C, Humidity: 46.91%, Time: 2025-08-02 03:22:00
2025-10-04 10:42:19,430 - INFO - Anomaly detected - Severity: INFO, Temp: 58.93°C, Humidity: 55.32%, Time: 2025-08-02 06:24:00
2025-10-04 10:42:19,430 - INFO - Anomaly detected - Severity: INFO, Temp: 59.61°C, Humidity: 28.53%, Time: 2025-08-02 08:44:00
2025-10-04 10:42:19,430 - INFO - Anomaly detected - Severity: WARNING, Temp: 63.16°C, Humidity: 24.92%, Time: 2025-08-02 09:00:00
2025-10-04 10:42:19,430 - ERROR - Email sending failed: name 'MimeMultipart' is not defined
2025-10-04 10:42:20,133 - INFO - Anomaly detected - Severity: WARNING, Temp: 67.42°C, Humidity: 22.83%, Time: 2025-08-02 09:06:00
2025-10-04 10:42:20,133 - ERROR - Email sending failed: name 'MimeMultipart' is not defined
2025-10-04 10:42:20,747 - INFO - Anomaly detected - Severity: INFO, Temp: 47.66°C, Humidity: 44.61%, Time: 2025-08-02 09:12:00
2025-10-04 10:42:20,747 - INFO - Anomaly detected - Severity: INFO, Temp: 48.46°C, Humidity: 45.09%, Time: 2025-08-02 09:14:00
2025-10-04 10:42:20,748 - INFO - Anomaly detected - Severity: INFO, Temp: 44.23°C, Humidity: 44.37%, Time: 2025-08-02 09:16:00
2025-10-04 10:42:20,748 - INFO - Anomaly detected - Severity: INFO, Temp: 49.83°C, Humidity: 38.57%, Time: 2025-08-02 09:20:00
2025-10-04 10:42:20,749 - INFO - Anomaly detected - Severity: INFO, Temp: 43.88°C, Humidity: 41.18%, Time: 2025-08-02 09:22:00
2025-10-04 10:42:20,749 - INFO - Anomaly detected - Severity: INFO, Temp: 42.71°C, Humidity: 46.22%, Time: 2025-08-02 09:28:00
2025-10-04 10:42:20,749 - INFO - Anomaly detected - Severity: INFO, Temp: 44.19°C, Humidity: 46.88%, Time: 2025-08-02 09:34:00
2025-10-04 10:42:20,750 - INFO - Anomaly detected - Severity: INFO, Temp: 47.88°C, Humidity: 47.54%, Time: 2025-08-02 09:36:00
2025-10-04 10:42:20,750 - INFO - Anomaly detected - Severity: INFO, Temp: 43.97°C, Humidity: 44.51%, Time: 2025-08-02 09:38:00
2025-10-04 10:42:20,750 - INFO - Anomaly detected - Severity: INFO, Temp: 44.21°C, Humidity: 38.21%, Time: 2025-08-02 09:40:00
2025-10-04 10:42:20,750 - INFO - Anomaly detected - Severity: WARNING, Temp: 63.53°C, Humidity: 72.88%, Time: 2025-08-02 11:44:00
2025-10-04 10:42:20,751 - ERROR - Email sending failed: name 'MimeMultipart' is not defined
2025-10-04 10:42:21,473 - INFO - Anomaly detected - Severity: INFO, Temp: 45.15°C, Humidity: 16.88%, Time: 2025-08-02 12:42:00
2025-10-04 10:42:21,474 - INFO - Anomaly detected - Severity: WARNING, Temp: 60.15°C, Humidity: 83.64%, Time: 2025-08-02 15:02:00
2025-10-04 10:42:21,474 - ERROR - Email sending failed: name 'MimeMultipart' is not defined
2025-10-04 10:42:22,078 - INFO - Anomaly detected - Severity: INFO, Temp: 52.41°C, Humidity: 33.85%, Time: 2025-08-03 01:50:00
2025-10-04 10:42:22,079 - INFO - Anomaly detected - Severity: INFO, Temp: 57.08°C, Humidity: 31.96%, Time: 2025-08-03 03:18:00
2025-10-04 10:42:22,079 - INFO - Anomaly detected - Severity: INFO, Temp: 21.78°C, Humidity: 34.88%, Time: 2025-08-03 14:10:00
2025-10-04 10:42:22,079 - INFO - Anomaly detected - Severity: INFO, Temp: 56.88°C, Humidity: 50.0%, Time: 2025-08-03 18:44:00
2025-10-04 10:42:22,080 - INFO - Anomaly detected - Severity: INFO, Temp: 59.23°C, Humidity: 42.59%, Time: 2025-08-03 19:16:00
2025-10-04 10:42:22,080 - INFO - Anomaly detected - Severity: INFO, Temp: 35.61°C, Humidity: 74.19%, Time: 2025-08-03 23:40:00
2025-10-04 10:42:22,080 - INFO - Anomaly detected - Severity: INFO, Temp: 56.42°C, Humidity: 75.6%, Time: 2025-08-04 01:48:00
2025-10-04 10:42:22,080 - INFO - Anomaly detected - Severity: WARNING, Temp: 65.01°C, Humidity: 32.83%, Time: 2025-08-04 07:12:00
2025-10-04 10:42:22,081 - ERROR - Email sending failed: name 'MimeMultipart' is not defined
2025-10-04 10:42:22,693 - INFO - Anomaly detected - Severity: WARNING, Temp: 66.78°C, Humidity: 26.52%, Time: 2025-08-04 08:52:00
2025-10-04 10:42:22,694 - ERROR - Email sending failed: name 'MimeMultipart' is not defined
2025-10-04 10:42:23,308 - INFO - Anomaly detected - Severity: WARNING, Temp: 69.28°C, Humidity: 23.0%, Time: 2025-08-04 08:54:00
2025-10-04 10:42:23,308 - ERROR - Email sending failed: name 'MimeMultipart' is not defined
2025-10-04 10:42:23,819 - INFO - Anomaly detected - Severity: WARNING, Temp: 62.66°C, Humidity: 62.27%, Time: 2025-08-04 11:34:00
2025-10-04 10:42:23,819 - ERROR - Email sending failed: name 'MimeMultipart' is not defined
2025-10-04 10:42:24,436 - INFO - Anomaly detected - Severity: INFO, Temp: 47.11°C, Humidity: 75.88%, Time: 2025-08-04 13:14:00
2025-10-04 10:42:24,436 - INFO - Anomaly detected - Severity: WARNING, Temp: 63.02°C, Humidity: 69.48%, Time: 2025-08-04 15:54:00
2025-10-04 10:42:24,437 - ERROR - Email sending failed: name 'MimeMultipart' is not defined
2025-10-04 10:42:25,149 - INFO - Anomaly detected - Severity: WARNING, Temp: 62.97°C, Humidity: 43.27%, Time: 2025-08-04 21:48:00
2025-10-04 10:42:25,150 - ERROR - Email sending failed: name 'MimeMultipart' is not defined
2025-10-04 10:42:25,766 - INFO - Anomaly detected - Severity: CRITICAL, Temp: 79.5°C, Humidity: 50.34%, Time: 2025-08-05 00:42:00
2025-10-04 10:42:25,766 - ERROR - Email sending failed: name 'MimeMultipart' is not defined
2025-10-04 10:42:28,537 - INFO - SMS alerts sent for CRITICAL anomaly - Temp: 79.5°C, Humidity: 50.34%
2025-10-04 10:42:28,538 - INFO - Anomaly detected - Severity: INFO, Temp: 39.76°C, Humidity: 53.51%, Time: 2025-08-05 00:52:00
2025-10-04 10:42:28,539 - INFO - Anomaly detected - Severity: INFO, Temp: 42.13°C, Humidity: 56.44%, Time: 2025-08-05 00:54:00
2025-10-04 10:42:28,539 - INFO - Anomaly detected - Severity: INFO, Temp: 40.39°C, Humidity: 58.3%, Time: 2025-08-05 00:58:00
2025-10-04 10:42:28,539 - INFO - Anomaly detected - Severity: INFO, Temp: 40.29°C, Humidity: 49.61%, Time: 2025-08-05 01:00:00
2025-10-04 10:42:28,539 - INFO - Anomaly detected - Severity: INFO, Temp: 38.76°C, Humidity: 45.7%, Time: 2025-08-05 01:02:00
2025-10-04 10:42:28,539 - INFO - Anomaly detected - Severity: INFO, Temp: 39.32°C, Humidity: 48.37%, Time: 2025-08-05 01:06:00
2025-10-04 10:42:28,539 - INFO - Anomaly detected - Severity: INFO, Temp: 40.24°C, Humidity: 47.49%, Time: 2025-08-05 01:08:00
2025-10-04 10:42:28,539 - INFO - Anomaly detected - Severity: INFO, Temp: 38.33°C, Humidity: 47.9%, Time: 2025-08-05 01:10:00
2025-10-04 10:42:28,539 - INFO - Anomaly detected - Severity: INFO, Temp: 41.7°C, Humidity: 47.51%, Time: 2025-08-05 01:14:00
2025-10-04 10:42:28,539 - INFO - Anomaly detected - Severity: CRITICAL, Temp: 70.56°C, Humidity: 32.2%, Time: 2025-08-05 09:58:00
2025-10-04 10:42:28,540 - ERROR - Email sending failed: name 'MimeMultipart' is not defined
2025-10-04 10:42:32,570 - INFO - SMS alerts sent for CRITICAL anomaly - Temp: 70.56°C, Humidity: 32.2%
2025-10-04 10:42:32,571 - INFO - Anomaly detected - Severity: WARNING, Temp: 62.26°C, Humidity: 50.69%, Time: 2025-08-05 12:00:00
2025-10-04 10:42:32,571 - ERROR - Email sending failed: name 'MimeMultipart' is not defined
2025-10-04 10:42:33,137 - INFO - Anomaly detected - Severity: WARNING, Temp: 63.34°C, Humidity: 37.71%, Time: 2025-08-05 17:44:00
2025-10-04 10:42:33,137 - ERROR - Email sending failed: name 'MimeMultipart' is not defined
2025-10-04 10:42:33,750 - INFO - Anomaly detected - Severity: WARNING, Temp: 62.74°C, Humidity: 43.02%, Time: 2025-08-05 18:30:00
2025-10-04 10:42:33,750 - ERROR - Email sending failed: name 'MimeMultipart' is not defined
2025-10-04 10:42:34,250 - INFO - Anomaly detected - Severity: WARNING, Temp: 65.34°C, Humidity: 30.0%, Time: 2025-08-06 04:04:00
2025-10-04 10:42:34,251 - ERROR - Email sending failed: name 'MimeMultipart' is not defined
2025-10-04 10:42:34,775 - INFO - Anomaly detected - Severity: WARNING, Temp: 69.45°C, Humidity: 39.9%, Time: 2025-08-06 12:36:00
2025-10-04 10:42:34,783 - ERROR - Email sending failed: name 'MimeMultipart' is not defined
2025-10-04 10:42:35,389 - INFO - Anomaly detected - Severity: INFO, Temp: 57.52°C, Humidity: 69.13%, Time: 2025-08-06 13:48:00
2025-10-04 10:42:35,389 - INFO - Anomaly detected - Severity: WARNING, Temp: 66.63°C, Humidity: 41.15%, Time: 2025-08-06 17:52:00
2025-10-04 10:42:35,390 - ERROR - Email sending failed: name 'MimeMultipart' is not defined
2025-10-04 10:42:36,003 - INFO - Anomaly detected - Severity: WARNING, Temp: 55.31°C, Humidity: 81.37%, Time: 2025-08-06 18:48:00
2025-10-04 10:42:36,004 - ERROR - Email sending failed: name 'MimeMultipart' is not defined
2025-10-04 10:42:36,552 - INFO - Anomaly detected - Severity: WARNING, Temp: 66.64°C, Humidity: 47.07%, Time: 2025-08-06 20:20:00
2025-10-04 10:42:36,552 - ERROR - Email sending failed: name 'MimeMultipart' is not defined
2025-10-04 10:42:37,130 - INFO - Anomaly detected - Severity: INFO, Temp: 43.42°C, Humidity: 22.06%, Time: 2025-08-06 20:32:00
2025-10-04 10:42:37,130 - INFO - Anomaly detected - Severity: INFO, Temp: 56.61°C, Humidity: 35.26%, Time: 2025-08-06 23:18:00
2025-10-04 10:42:37,130 - INFO - Anomaly detected - Severity: INFO, Temp: 38.04°C, Humidity: 10.33%, Time: 2025-08-06 23:22:00
2025-10-04 10:42:37,130 - INFO - Anomaly detected - Severity: INFO, Temp: 43.18°C, Humidity: 50.22%, Time: 2025-08-06 23:40:00
2025-10-04 10:42:37,131 - INFO - Anomaly detected - Severity: INFO, Temp: 58.44°C, Humidity: 39.2%, Time: 2025-08-07 01:46:00
2025-10-04 10:42:37,131 - INFO - Anomaly detected - Severity: CRITICAL, Temp: 38.53°C, Humidity: 86.64%, Time: 2025-08-07 03:48:00
2025-10-04 10:42:37,131 - ERROR - Email sending failed: name 'MimeMultipart' is not defined
2025-10-04 10:42:39,486 - INFO - SMS alerts sent for CRITICAL anomaly - Temp: 38.53°C, Humidity: 86.64%
2025-10-04 10:42:39,490 - INFO - Anomaly detected - Severity: INFO, Temp: 44.51°C, Humidity: 36.34%, Time: 2025-08-07 04:12:00
2025-10-04 10:42:39,490 - INFO - Anomaly detected - Severity: INFO, Temp: 44.66°C, Humidity: 39.24%, Time: 2025-08-07 04:14:00
2025-10-04 10:42:39,491 - INFO - Anomaly detected - Severity: INFO, Temp: 43.84°C, Humidity: 40.09%, Time: 2025-08-07 04:18:00
2025-10-04 10:42:39,491 - INFO - Anomaly detected - Severity: INFO, Temp: 43.91°C, Humidity: 40.56%, Time: 2025-08-07 04:20:00
2025-10-04 10:42:39,491 - INFO - Anomaly detected - Severity: INFO, Temp: 56.91°C, Humidity: 68.2%, Time: 2025-08-07 07:14:00
2025-10-04 10:42:39,492 - INFO - Anomaly detected - Severity: WARNING, Temp: 64.97°C, Humidity: 21.9%, Time: 2025-08-07 07:52:00
2025-10-04 10:42:39,492 - ERROR - Email sending failed: name 'MimeMultipart' is not defined
2025-10-04 10:42:40,102 - INFO - Anomaly detected - Severity: CRITICAL, Temp: 44.0°C, Humidity: 88.98%, Time: 2025-08-07 08:06:00
2025-10-04 10:42:40,102 - ERROR - Email sending failed: name 'MimeMultipart' is not defined
2025-10-04 10:42:42,353 - INFO - SMS alerts sent for CRITICAL anomaly - Temp: 44.0°C, Humidity: 88.98%
2025-10-04 10:42:42,355 - INFO - Anomaly detected - Severity: INFO, Temp: 47.84°C, Humidity: 39.4%, Time: 2025-08-07 08:08:00
2025-10-04 10:42:42,356 - INFO - Anomaly detected - Severity: INFO, Temp: 48.8°C, Humidity: 39.77%, Time: 2025-08-07 08:12:00
2025-10-04 10:42:42,356 - INFO - Anomaly detected - Severity: INFO, Temp: 49.38°C, Humidity: 38.08%, Time: 2025-08-07 08:16:00
2025-10-04 10:42:42,357 - INFO - Anomaly detected - Severity: INFO, Temp: 47.98°C, Humidity: 40.02%, Time: 2025-08-07 08:24:00
2025-10-04 10:42:42,357 - INFO - Anomaly detected - Severity: INFO, Temp: 48.24°C, Humidity: 41.29%, Time: 2025-08-07 08:28:00
2025-10-04 10:42:42,357 - INFO - Anomaly detected - Severity: INFO, Temp: 49.99°C, Humidity: 35.41%, Time: 2025-08-07 08:30:00
2025-10-04 10:42:42,357 - INFO - Anomaly detected - Severity: INFO, Temp: 45.16°C, Humidity: 44.32%, Time: 2025-08-07 08:40:00
2025-10-04 10:42:42,358 - INFO - Anomaly detected - Severity: INFO, Temp: 46.58°C, Humidity: 38.12%, Time: 2025-08-07 08:42:00
2025-10-04 10:42:42,358 - INFO - Anomaly detected - Severity: WARNING, Temp: 61.23°C, Humidity: 58.21%, Time: 2025-08-07 10:00:00
2025-10-04 10:42:42,358 - ERROR - Email sending failed: name 'MimeMultipart' is not defined
2025-10-04 10:42:42,866 - INFO - Anomaly detected - Severity: CRITICAL, Temp: 73.96°C, Humidity: 28.14%, Time: 2025-08-07 12:42:00
2025-10-04 10:42:42,866 - ERROR - Email sending failed: name 'MimeMultipart' is not defined
2025-10-04 10:42:44,974 - INFO - SMS alerts sent for CRITICAL anomaly - Temp: 73.96°C, Humidity: 28.14%
2025-10-04 10:42:44,976 - INFO - Anomaly detected - Severity: WARNING, Temp: 68.27°C, Humidity: 45.14%, Time: 2025-08-07 15:06:00
2025-10-04 10:42:44,977 - ERROR - Email sending failed: name 'MimeMultipart' is not defined
2025-10-04 10:42:45,631 - INFO - Anomaly detected - Severity: WARNING, Temp: 63.31°C, Humidity: 44.98%, Time: 2025-08-07 16:30:00
2025-10-04 10:42:45,631 - ERROR - Email sending failed: name 'MimeMultipart' is not defined
2025-10-04 10:42:46,329 - INFO - Anomaly detected - Severity: WARNING, Temp: 65.97°C, Humidity: 41.69%, Time: 2025-08-07 20:06:00
2025-10-04 10:42:46,330 - ERROR - Email sending failed: name 'MimeMultipart' is not defined
